<?xml version="1.0" encoding="UTF-8"?>
<!-- Generated by org.testng.reporters.JUnitReportReporter -->
<testsuite hostname="LAPTOP-ND35APL9" failures="0" tests="4" name="Guru99" time="29.241" errors="0" timestamp="2022-12-24T22:13:45 GMT-06:00" skipped="0">
  <testcase classname="Guru99" name="loginVerification" time="6.624"/>
  <system-out/>
  <testcase classname="Guru99" name="loginVerification" time="7.043"/>
  <system-out/>
  <testcase classname="Guru99" name="loginVerification" time="8.191"/>
  <system-out/>
  <testcase classname="Guru99" name="loginVerification" time="7.383"/>
  <system-out/>
</testsuite> <!-- Guru99 -->
